# JRE version: OpenJDK Runtime Environment (8.0_202-b03) (build 1.8.0_202-release-1483-b03)
# Java VM: OpenJDK 64-Bit Server VM (25.202-b03 mixed mode windows-amd64 compressed oops)
Heap:
 PSYoungGen      total 960512K, used 823808K [0x0000000760000000, 0x00000007aa300000, 0x00000007c0000000)
  eden space 823808K, 100% used [0x0000000760000000,0x0000000792480000,0x0000000792480000)
  from space 136704K, 0% used [0x0000000792480000,0x0000000792480000,0x000000079aa00000)
  to   space 131072K, 13% used [0x00000007a2300000,0x00000007a33bc268,0x00000007aa300000)
 ParOldGen       total 226816K, used 98584K [0x00000006a0000000, 0x00000006add80000, 0x0000000760000000)
  object space 226816K, 43% used [0x00000006a0000000,0x00000006a6046170,0x00000006add80000)
 Metaspace       used 96947K, capacity 103522K, committed 109992K, reserved 1144832K
  class space    used 12216K, capacity 13353K, committed 14248K, reserved 1048576K
GC Heap History (10 events):
Event: 5502.789 GC heap after
Heap after GC invocations=40 (full 6):
 PSYoungGen      total 820224K, used 68713K [0x0000000760000000, 0x0000000799b00000, 0x00000007c0000000)
  eden space 703488K, 0% used [0x0000000760000000,0x0000000760000000,0x000000078af00000)
  from space 116736K, 58% used [0x0000000792900000,0x0000000796c1a7f0,0x0000000799b00000)
  to   space 120832K, 0% used [0x000000078af00000,0x000000078af00000,0x0000000792500000)
 ParOldGen       total 194048K, used 116204K [0x00000006a0000000, 0x00000006abd80000, 0x0000000760000000)
  object space 194048K, 59% used [0x00000006a0000000,0x00000006a717b228,0x00000006abd80000)
 Metaspace       used 98504K, capacity 105236K, committed 105384K, reserved 1140736K
  class space    used 12454K, capacity 13622K, committed 13736K, reserved 1048576K
}
Event: 5632.331 GC heap before
{Heap before GC invocations=41 (full 6):
 PSYoungGen      total 820224K, used 772201K [0x0000000760000000, 0x0000000799b00000, 0x00000007c0000000)
  eden space 703488K, 100% used [0x0000000760000000,0x000000078af00000,0x000000078af00000)
  from space 116736K, 58% used [0x0000000792900000,0x0000000796c1a7f0,0x0000000799b00000)
  to   space 120832K, 0% used [0x000000078af00000,0x000000078af00000,0x0000000792500000)
 ParOldGen       total 194048K, used 116204K [0x00000006a0000000, 0x00000006abd80000, 0x0000000760000000)
  object space 194048K, 59% used [0x00000006a0000000,0x00000006a717b228,0x00000006abd80000)
 Metaspace       used 100280K, capacity 107064K, committed 107304K, reserved 1142784K
  class space    used 12642K, capacity 13832K, committed 13864K, reserved 1048576K
Event: 5635.123 GC heap after
Heap after GC invocations=41 (full 6):
 PSYoungGen      total 824320K, used 112800K [0x0000000760000000, 0x00000007a3980000, 0x00000007c0000000)
  eden space 703488K, 0% used [0x0000000760000000,0x0000000760000000,0x000000078af00000)
  from space 120832K, 93% used [0x000000078af00000,0x0000000791d28208,0x0000000792500000)
  to   space 137216K, 0% used [0x000000079b380000,0x000000079b380000,0x00000007a3980000)
 ParOldGen       total 194048K, used 117344K [0x00000006a0000000, 0x00000006abd80000, 0x0000000760000000)
  object space 194048K, 60% used [0x00000006a0000000,0x00000006a7298238,0x00000006abd80000)
 Metaspace       used 100280K, capacity 107064K, committed 107304K, reserved 1142784K
  class space    used 12642K, capacity 13832K, committed 13864K, reserved 1048576K
}
Event: 6002.823 GC heap before
{Heap before GC invocations=42 (full 6):
 PSYoungGen      total 824320K, used 816288K [0x0000000760000000, 0x00000007a3980000, 0x00000007c0000000)
  eden space 703488K, 100% used [0x0000000760000000,0x000000078af00000,0x000000078af00000)
  from space 120832K, 93% used [0x000000078af00000,0x0000000791d28208,0x0000000792500000)
  to   space 137216K, 0% used [0x000000079b380000,0x000000079b380000,0x00000007a3980000)
 ParOldGen       total 194048K, used 117344K [0x00000006a0000000, 0x00000006abd80000, 0x0000000760000000)
  object space 194048K, 60% used [0x00000006a0000000,0x00000006a7298238,0x00000006abd80000)
 Metaspace       used 101967K, capacity 108794K, committed 109096K, reserved 1144832K
  class space    used 12822K, capacity 14069K, committed 14120K, reserved 1048576K
Event: 6004.493 GC heap after
Heap after GC invocations=42 (full 6):
 PSYoungGen      total 950784K, used 74750K [0x0000000760000000, 0x00000007a2f80000, 0x00000007c0000000)
  eden space 823808K, 0% used [0x0000000760000000,0x0000000760000000,0x0000000792480000)
  from space 126976K, 58% used [0x000000079b380000,0x000000079fc7fae0,0x00000007a2f80000)
  to   space 136704K, 0% used [0x0000000792480000,0x0000000792480000,0x000000079aa00000)
 ParOldGen       total 194048K, used 117991K [0x00000006a0000000, 0x00000006abd80000, 0x0000000760000000)
  object space 194048K, 60% used [0x00000006a0000000,0x00000006a7339f40,0x00000006abd80000)
 Metaspace       used 101967K, capacity 108794K, committed 109096K, reserved 1144832K
  class space    used 12822K, capacity 14069K, committed 14120K, reserved 1048576K
}
Event: 6805.177 GC heap before
{Heap before GC invocations=43 (full 6):
 PSYoungGen      total 950784K, used 898558K [0x0000000760000000, 0x00000007a2f80000, 0x00000007c0000000)
  eden space 823808K, 100% used [0x0000000760000000,0x0000000792480000,0x0000000792480000)
  from space 126976K, 58% used [0x000000079b380000,0x000000079fc7fae0,0x00000007a2f80000)
  to   space 136704K, 0% used [0x0000000792480000,0x0000000792480000,0x000000079aa00000)
 ParOldGen       total 194048K, used 117991K [0x00000006a0000000, 0x00000006abd80000, 0x0000000760000000)
  object space 194048K, 60% used [0x00000006a0000000,0x00000006a7339f40,0x00000006abd80000)
 Metaspace       used 103000K, capacity 109870K, committed 109992K, reserved 1144832K
  class space    used 12918K, capacity 14173K, committed 14248K, reserved 1048576K
Event: 6809.456 GC heap after
Heap after GC invocations=43 (full 6):
 PSYoungGen      total 960512K, used 43169K [0x0000000760000000, 0x00000007aa300000, 0x00000007c0000000)
  eden space 823808K, 0% used [0x0000000760000000,0x0000000760000000,0x0000000792480000)
  from space 136704K, 31% used [0x0000000792480000,0x0000000794ea8640,0x000000079aa00000)
  to   space 131072K, 0% used [0x00000007a2300000,0x00000007a2300000,0x00000007aa300000)
 ParOldGen       total 194048K, used 172010K [0x00000006a0000000, 0x00000006abd80000, 0x0000000760000000)
  object space 194048K, 88% used [0x00000006a0000000,0x00000006aa7fa950,0x00000006abd80000)
 Metaspace       used 103000K, capacity 109870K, committed 109992K, reserved 1144832K
  class space    used 12918K, capacity 14173K, committed 14248K, reserved 1048576K
}
Event: 6809.458 GC heap before
{Heap before GC invocations=44 (full 7):
 PSYoungGen      total 960512K, used 43169K [0x0000000760000000, 0x00000007aa300000, 0x00000007c0000000)
  eden space 823808K, 0% used [0x0000000760000000,0x0000000760000000,0x0000000792480000)
  from space 136704K, 31% used [0x0000000792480000,0x0000000794ea8640,0x000000079aa00000)
  to   space 131072K, 0% used [0x00000007a2300000,0x00000007a2300000,0x00000007aa300000)
 ParOldGen       total 194048K, used 172010K [0x00000006a0000000, 0x00000006abd80000, 0x0000000760000000)
  object space 194048K, 88% used [0x00000006a0000000,0x00000006aa7fa950,0x00000006abd80000)
 Metaspace       used 103000K, capacity 109870K, committed 109992K, reserved 1144832K
  class space    used 12918K, capacity 14173K, committed 14248K, reserved 1048576K
Event: 6812.641 GC heap after
Heap after GC invocations=44 (full 7):
 PSYoungGen      total 960512K, used 0K [0x0000000760000000, 0x00000007aa300000, 0x00000007c0000000)
  eden space 823808K, 0% used [0x0000000760000000,0x0000000760000000,0x0000000792480000)
  from space 136704K, 0% used [0x0000000792480000,0x0000000792480000,0x000000079aa00000)
  to   space 131072K, 0% used [0x00000007a2300000,0x00000007a2300000,0x00000007aa300000)
 ParOldGen       total 226816K, used 98584K [0x00000006a0000000, 0x00000006add80000, 0x0000000760000000)
  object space 226816K, 43% used [0x00000006a0000000,0x00000006a6046170,0x00000006add80000)
 Metaspace       used 96022K, capacity 102390K, committed 109992K, reserved 1144832K
  class space    used 12123K, capacity 13249K, committed 14248K, reserved 1048576K
}
Event: 8174.963 GC heap before
{Heap before GC invocations=45 (full 7):
 PSYoungGen      total 960512K, used 823808K [0x0000000760000000, 0x00000007aa300000, 0x00000007c0000000)
  eden space 823808K, 100% used [0x0000000760000000,0x0000000792480000,0x0000000792480000)
  from space 136704K, 0% used [0x0000000792480000,0x0000000792480000,0x000000079aa00000)
  to   space 131072K, 0% used [0x00000007a2300000,0x00000007a2300000,0x00000007aa300000)
 ParOldGen       total 226816K, used 98584K [0x00000006a0000000, 0x00000006add80000, 0x0000000760000000)
  object space 226816K, 43% used [0x00000006a0000000,0x00000006a6046170,0x00000006add80000)
 Metaspace       used 96947K, capacity 103522K, committed 109992K, reserved 1144832K
  class space    used 12216K, capacity 13353K, committed 14248K, reserved 1048576K

