# JRE version: OpenJDK Runtime Environment (8.0_202-b03) (build 1.8.0_202-release-1483-b03)
# Java VM: OpenJDK 64-Bit Server VM (25.202-b03 mixed mode windows-amd64 compressed oops)
Heap:
 PSYoungGen      total 922624K, used 653365K [0x0000000760000000, 0x00000007a4480000, 0x00000007c0000000)
  eden space 812032K, 78% used [0x0000000760000000,0x0000000786e994a0,0x0000000791900000)
  from space 110592K, 14% used [0x0000000791900000,0x00000007928740d8,0x0000000798500000)
  to   space 107008K, 0% used [0x000000079dc00000,0x000000079dc00000,0x00000007a4480000)
 ParOldGen       total 275456K, used 177195K [0x00000006a0000000, 0x00000006b0d00000, 0x0000000760000000)
  object space 275456K, 64% used [0x00000006a0000000,0x00000006aad0ada0,0x00000006b0d00000)
 Metaspace       used 96084K, capacity 102224K, committed 102488K, reserved 1138688K
  class space    used 12337K, capacity 13384K, committed 13440K, reserved 1048576K
GC Heap History (10 events):
Event: 4603.129 GC heap before
{Heap before GC invocations=25 (full 5):
 PSYoungGen      total 709632K, used 691489K [0x0000000760000000, 0x0000000795f00000, 0x00000007c0000000)
  eden space 678400K, 100% used [0x0000000760000000,0x0000000789680000,0x0000000789680000)
  from space 31232K, 41% used [0x0000000789680000,0x000000078a348600,0x000000078b500000)
  to   space 60416K, 0% used [0x0000000792400000,0x0000000792400000,0x0000000795f00000)
 ParOldGen       total 202752K, used 136743K [0x00000006a0000000, 0x00000006ac600000, 0x0000000760000000)
  object space 202752K, 67% used [0x00000006a0000000,0x00000006a8589d18,0x00000006ac600000)
 Metaspace       used 92565K, capacity 97344K, committed 98264K, reserved 1134592K
  class space    used 11939K, capacity 12844K, committed 13056K, reserved 1048576K
Event: 4603.280 GC heap after
Heap after GC invocations=25 (full 5):
 PSYoungGen      total 822272K, used 36158K [0x0000000760000000, 0x0000000796180000, 0x00000007c0000000)
  eden space 761856K, 0% used [0x0000000760000000,0x0000000760000000,0x000000078e800000)
  from space 60416K, 59% used [0x0000000792400000,0x000000079474f858,0x0000000795f00000)
  to   space 61440K, 0% used [0x000000078e800000,0x000000078e800000,0x0000000792400000)
 ParOldGen       total 202752K, used 136743K [0x00000006a0000000, 0x00000006ac600000, 0x0000000760000000)
  object space 202752K, 67% used [0x00000006a0000000,0x00000006a8589d18,0x00000006ac600000)
 Metaspace       used 92565K, capacity 97344K, committed 98264K, reserved 1134592K
  class space    used 11939K, capacity 12844K, committed 13056K, reserved 1048576K
}
Event: 4623.824 GC heap before
{Heap before GC invocations=26 (full 5):
 PSYoungGen      total 822272K, used 797915K [0x0000000760000000, 0x0000000796180000, 0x00000007c0000000)
  eden space 761856K, 99% used [0x0000000760000000,0x000000078e7e7400,0x000000078e800000)
  from space 60416K, 59% used [0x0000000792400000,0x000000079474f858,0x0000000795f00000)
  to   space 61440K, 0% used [0x000000078e800000,0x000000078e800000,0x0000000792400000)
 ParOldGen       total 202752K, used 136743K [0x00000006a0000000, 0x00000006ac600000, 0x0000000760000000)
  object space 202752K, 67% used [0x00000006a0000000,0x00000006a8589d18,0x00000006ac600000)
 Metaspace       used 92664K, capacity 97418K, committed 98264K, reserved 1134592K
  class space    used 11939K, capacity 12845K, committed 13056K, reserved 1048576K
Event: 4623.936 GC heap after
Heap after GC invocations=26 (full 5):
 PSYoungGen      total 823296K, used 51281K [0x0000000760000000, 0x000000079c780000, 0x00000007c0000000)
  eden space 761856K, 0% used [0x0000000760000000,0x0000000760000000,0x000000078e800000)
  from space 61440K, 83% used [0x000000078e800000,0x0000000791a14458,0x0000000792400000)
  to   space 68096K, 0% used [0x0000000798500000,0x0000000798500000,0x000000079c780000)
 ParOldGen       total 202752K, used 136751K [0x00000006a0000000, 0x00000006ac600000, 0x0000000760000000)
  object space 202752K, 67% used [0x00000006a0000000,0x00000006a858bd18,0x00000006ac600000)
 Metaspace       used 92664K, capacity 97418K, committed 98264K, reserved 1134592K
  class space    used 11939K, capacity 12845K, committed 13056K, reserved 1048576K
}
Event: 4721.302 GC heap before
{Heap before GC invocations=27 (full 5):
 PSYoungGen      total 823296K, used 813137K [0x0000000760000000, 0x000000079c780000, 0x00000007c0000000)
  eden space 761856K, 100% used [0x0000000760000000,0x000000078e800000,0x000000078e800000)
  from space 61440K, 83% used [0x000000078e800000,0x0000000791a14458,0x0000000792400000)
  to   space 68096K, 0% used [0x0000000798500000,0x0000000798500000,0x000000079c780000)
 ParOldGen       total 202752K, used 136751K [0x00000006a0000000, 0x00000006ac600000, 0x0000000760000000)
  object space 202752K, 67% used [0x00000006a0000000,0x00000006a858bd18,0x00000006ac600000)
 Metaspace       used 92747K, capacity 97560K, committed 98264K, reserved 1134592K
  class space    used 11940K, capacity 12846K, committed 13056K, reserved 1048576K
Event: 4722.065 GC heap after
Heap after GC invocations=27 (full 5):
 PSYoungGen      total 880128K, used 68072K [0x0000000760000000, 0x00000007a1f00000, 0x00000007c0000000)
  eden space 812032K, 0% used [0x0000000760000000,0x0000000760000000,0x0000000791900000)
  from space 68096K, 99% used [0x0000000798500000,0x000000079c77a160,0x000000079c780000)
  to   space 110592K, 0% used [0x0000000791900000,0x0000000791900000,0x0000000798500000)
 ParOldGen       total 220672K, used 220607K [0x00000006a0000000, 0x00000006ad780000, 0x0000000760000000)
  object space 220672K, 99% used [0x00000006a0000000,0x00000006ad76ff58,0x00000006ad780000)
 Metaspace       used 92747K, capacity 97560K, committed 98264K, reserved 1134592K
  class space    used 11940K, capacity 12846K, committed 13056K, reserved 1048576K
}
Event: 4722.088 GC heap before
{Heap before GC invocations=28 (full 6):
 PSYoungGen      total 880128K, used 68072K [0x0000000760000000, 0x00000007a1f00000, 0x00000007c0000000)
  eden space 812032K, 0% used [0x0000000760000000,0x0000000760000000,0x0000000791900000)
  from space 68096K, 99% used [0x0000000798500000,0x000000079c77a160,0x000000079c780000)
  to   space 110592K, 0% used [0x0000000791900000,0x0000000791900000,0x0000000798500000)
 ParOldGen       total 220672K, used 220607K [0x00000006a0000000, 0x00000006ad780000, 0x0000000760000000)
  object space 220672K, 99% used [0x00000006a0000000,0x00000006ad76ff58,0x00000006ad780000)
 Metaspace       used 92747K, capacity 97560K, committed 98264K, reserved 1134592K
  class space    used 11940K, capacity 12846K, committed 13056K, reserved 1048576K
Event: 4725.096 GC heap after
Heap after GC invocations=28 (full 6):
 PSYoungGen      total 880128K, used 0K [0x0000000760000000, 0x00000007a1f00000, 0x00000007c0000000)
  eden space 812032K, 0% used [0x0000000760000000,0x0000000760000000,0x0000000791900000)
  from space 68096K, 0% used [0x0000000798500000,0x0000000798500000,0x000000079c780000)
  to   space 110592K, 0% used [0x0000000791900000,0x0000000791900000,0x0000000798500000)
 ParOldGen       total 275456K, used 177187K [0x00000006a0000000, 0x00000006b0d00000, 0x0000000760000000)
  object space 275456K, 64% used [0x00000006a0000000,0x00000006aad08da0,0x00000006b0d00000)
 Metaspace       used 92657K, capacity 97404K, committed 98264K, reserved 1134592K
  class space    used 11920K, capacity 12808K, committed 13056K, reserved 1048576K
}
Event: 5292.402 GC heap before
{Heap before GC invocations=29 (full 6):
 PSYoungGen      total 880128K, used 812032K [0x0000000760000000, 0x00000007a1f00000, 0x00000007c0000000)
  eden space 812032K, 100% used [0x0000000760000000,0x0000000791900000,0x0000000791900000)
  from space 68096K, 0% used [0x0000000798500000,0x0000000798500000,0x000000079c780000)
  to   space 110592K, 0% used [0x0000000791900000,0x0000000791900000,0x0000000798500000)
 ParOldGen       total 275456K, used 177187K [0x00000006a0000000, 0x00000006b0d00000, 0x0000000760000000)
  object space 275456K, 64% used [0x00000006a0000000,0x00000006aad08da0,0x00000006b0d00000)
 Metaspace       used 93241K, capacity 97972K, committed 98520K, reserved 1134592K
  class space    used 11962K, capacity 12850K, committed 13056K, reserved 1048576K
Event: 5293.034 GC heap after
Heap after GC invocations=29 (full 6):
 PSYoungGen      total 922624K, used 15824K [0x0000000760000000, 0x00000007a4480000, 0x00000007c0000000)
  eden space 812032K, 0% used [0x0000000760000000,0x0000000760000000,0x0000000791900000)
  from space 110592K, 14% used [0x0000000791900000,0x00000007928740d8,0x0000000798500000)
  to   space 107008K, 0% used [0x000000079dc00000,0x000000079dc00000,0x00000007a4480000)
 ParOldGen       total 275456K, used 177195K [0x00000006a0000000, 0x00000006b0d00000, 0x0000000760000000)
  object space 275456K, 64% used [0x00000006a0000000,0x00000006aad0ada0,0x00000006b0d00000)
 Metaspace       used 93241K, capacity 97972K, committed 98520K, reserved 1134592K
  class space    used 11962K, capacity 12850K, committed 13056K, reserved 1048576K
}

