# JRE version: OpenJDK Runtime Environment (8.0_202-b03) (build 1.8.0_202-release-1483-b03)
# Java VM: OpenJDK 64-Bit Server VM (25.202-b03 mixed mode windows-amd64 compressed oops)
Heap:
 PSYoungGen      total 1493504K, used 8888K [0x0000000760000000, 0x00000007bd800000, 0x00000007c0000000)
  eden space 1459200K, 0% used [0x0000000760000000,0x0000000760000000,0x00000007b9100000)
  from space 34304K, 25% used [0x00000007bb680000,0x00000007bbf2e168,0x00000007bd800000)
  to   space 36352K, 0% used [0x00000007b9100000,0x00000007b9100000,0x00000007bb480000)
 ParOldGen       total 190976K, used 173603K [0x00000006a0000000, 0x00000006aba80000, 0x0000000760000000)
  object space 190976K, 90% used [0x00000006a0000000,0x00000006aa988e28,0x00000006aba80000)
 Metaspace       used 130336K, capacity 134142K, committed 134360K, reserved 1167360K
  class space    used 16188K, capacity 17028K, committed 17152K, reserved 1048576K
GC Heap History (10 events):
Event: 931.833 GC heap after
Heap after GC invocations=28 (full 6):
 PSYoungGen      total 1011712K, used 12512K [0x0000000760000000, 0x00000007a3b00000, 0x00000007c0000000)
  eden space 969728K, 0% used [0x0000000760000000,0x0000000760000000,0x000000079b300000)
  from space 41984K, 29% used [0x000000079da80000,0x000000079e6b82a0,0x00000007a0380000)
  to   space 40448K, 0% used [0x000000079b300000,0x000000079b300000,0x000000079da80000)
 ParOldGen       total 190976K, used 148952K [0x00000006a0000000, 0x00000006aba80000, 0x0000000760000000)
  object space 190976K, 77% used [0x00000006a0000000,0x00000006a9176338,0x00000006aba80000)
 Metaspace       used 129887K, capacity 133638K, committed 133720K, reserved 1165312K
  class space    used 16141K, capacity 16966K, committed 17024K, reserved 1048576K
}
Event: 937.005 GC heap before
{Heap before GC invocations=29 (full 6):
 PSYoungGen      total 1011712K, used 982240K [0x0000000760000000, 0x00000007a3b00000, 0x00000007c0000000)
  eden space 969728K, 100% used [0x0000000760000000,0x000000079b300000,0x000000079b300000)
  from space 41984K, 29% used [0x000000079da80000,0x000000079e6b82a0,0x00000007a0380000)
  to   space 40448K, 0% used [0x000000079b300000,0x000000079b300000,0x000000079da80000)
 ParOldGen       total 190976K, used 148952K [0x00000006a0000000, 0x00000006aba80000, 0x0000000760000000)
  object space 190976K, 77% used [0x00000006a0000000,0x00000006a9176338,0x00000006aba80000)
 Metaspace       used 129960K, capacity 133706K, committed 133976K, reserved 1167360K
  class space    used 16141K, capacity 16966K, committed 17024K, reserved 1048576K
Event: 937.032 GC heap after
Heap after GC invocations=29 (full 6):
 PSYoungGen      total 1010176K, used 16885K [0x0000000760000000, 0x00000007b0100000, 0x00000007c0000000)
  eden space 969728K, 0% used [0x0000000760000000,0x0000000760000000,0x000000079b300000)
  from space 40448K, 41% used [0x000000079b300000,0x000000079c37d708,0x000000079da80000)
  to   space 37888K, 0% used [0x00000007adc00000,0x00000007adc00000,0x00000007b0100000)
 ParOldGen       total 190976K, used 151679K [0x00000006a0000000, 0x00000006aba80000, 0x0000000760000000)
  object space 190976K, 79% used [0x00000006a0000000,0x00000006a941fc60,0x00000006aba80000)
 Metaspace       used 129960K, capacity 133706K, committed 133976K, reserved 1167360K
  class space    used 16141K, capacity 16966K, committed 17024K, reserved 1048576K
}
Event: 940.864 GC heap before
{Heap before GC invocations=30 (full 6):
 PSYoungGen      total 1010176K, used 986613K [0x0000000760000000, 0x00000007b0100000, 0x00000007c0000000)
  eden space 969728K, 100% used [0x0000000760000000,0x000000079b300000,0x000000079b300000)
  from space 40448K, 41% used [0x000000079b300000,0x000000079c37d708,0x000000079da80000)
  to   space 37888K, 0% used [0x00000007adc00000,0x00000007adc00000,0x00000007b0100000)
 ParOldGen       total 190976K, used 151679K [0x00000006a0000000, 0x00000006aba80000, 0x0000000760000000)
  object space 190976K, 79% used [0x00000006a0000000,0x00000006a941fc60,0x00000006aba80000)
 Metaspace       used 129965K, capacity 133706K, committed 133976K, reserved 1167360K
  class space    used 16141K, capacity 16966K, committed 17024K, reserved 1048576K
Event: 940.988 GC heap after
Heap after GC invocations=30 (full 6):
 PSYoungGen      total 1259520K, used 14396K [0x0000000760000000, 0x00000007af880000, 0x00000007c0000000)
  eden space 1230336K, 0% used [0x0000000760000000,0x0000000760000000,0x00000007ab180000)
  from space 29184K, 49% used [0x00000007adc00000,0x00000007aea0f308,0x00000007af880000)
  to   space 36352K, 0% used [0x00000007ab180000,0x00000007ab180000,0x00000007ad500000)
 ParOldGen       total 190976K, used 158870K [0x00000006a0000000, 0x00000006aba80000, 0x0000000760000000)
  object space 190976K, 83% used [0x00000006a0000000,0x00000006a9b258d0,0x00000006aba80000)
 Metaspace       used 129965K, capacity 133706K, committed 133976K, reserved 1167360K
  class space    used 16141K, capacity 16966K, committed 17024K, reserved 1048576K
}
Event: 945.893 GC heap before
{Heap before GC invocations=31 (full 6):
 PSYoungGen      total 1259520K, used 1244732K [0x0000000760000000, 0x00000007af880000, 0x00000007c0000000)
  eden space 1230336K, 100% used [0x0000000760000000,0x00000007ab180000,0x00000007ab180000)
  from space 29184K, 49% used [0x00000007adc00000,0x00000007aea0f308,0x00000007af880000)
  to   space 36352K, 0% used [0x00000007ab180000,0x00000007ab180000,0x00000007ad500000)
 ParOldGen       total 190976K, used 158870K [0x00000006a0000000, 0x00000006aba80000, 0x0000000760000000)
  object space 190976K, 83% used [0x00000006a0000000,0x00000006a9b258d0,0x00000006aba80000)
 Metaspace       used 129989K, capacity 133706K, committed 133976K, reserved 1167360K
  class space    used 16142K, capacity 16966K, committed 17024K, reserved 1048576K
Event: 945.941 GC heap after
Heap after GC invocations=31 (full 6):
 PSYoungGen      total 1266688K, used 23071K [0x0000000760000000, 0x00000007bda80000, 0x00000007c0000000)
  eden space 1230336K, 0% used [0x0000000760000000,0x0000000760000000,0x00000007ab180000)
  from space 36352K, 63% used [0x00000007ab180000,0x00000007ac807ee8,0x00000007ad500000)
  to   space 36864K, 0% used [0x00000007bb680000,0x00000007bb680000,0x00000007bda80000)
 ParOldGen       total 190976K, used 167875K [0x00000006a0000000, 0x00000006aba80000, 0x0000000760000000)
  object space 190976K, 87% used [0x00000006a0000000,0x00000006aa3f0e50,0x00000006aba80000)
 Metaspace       used 129989K, capacity 133706K, committed 133976K, reserved 1167360K
  class space    used 16142K, capacity 16966K, committed 17024K, reserved 1048576K
}
Event: 952.111 GC heap before
{Heap before GC invocations=32 (full 6):
 PSYoungGen      total 1266688K, used 1253379K [0x0000000760000000, 0x00000007bda80000, 0x00000007c0000000)
  eden space 1230336K, 99% used [0x0000000760000000,0x00000007ab178fa8,0x00000007ab180000)
  from space 36352K, 63% used [0x00000007ab180000,0x00000007ac807ee8,0x00000007ad500000)
  to   space 36864K, 0% used [0x00000007bb680000,0x00000007bb680000,0x00000007bda80000)
 ParOldGen       total 190976K, used 167875K [0x00000006a0000000, 0x00000006aba80000, 0x0000000760000000)
  object space 190976K, 87% used [0x00000006a0000000,0x00000006aa3f0e50,0x00000006aba80000)
 Metaspace       used 130336K, capacity 134142K, committed 134360K, reserved 1167360K
  class space    used 16188K, capacity 17028K, committed 17152K, reserved 1048576K
Event: 952.300 GC heap after
Heap after GC invocations=32 (full 6):
 PSYoungGen      total 1493504K, used 8888K [0x0000000760000000, 0x00000007bd800000, 0x00000007c0000000)
  eden space 1459200K, 0% used [0x0000000760000000,0x0000000760000000,0x00000007b9100000)
  from space 34304K, 25% used [0x00000007bb680000,0x00000007bbf2e168,0x00000007bd800000)
  to   space 36352K, 0% used [0x00000007b9100000,0x00000007b9100000,0x00000007bb480000)
 ParOldGen       total 190976K, used 173603K [0x00000006a0000000, 0x00000006aba80000, 0x0000000760000000)
  object space 190976K, 90% used [0x00000006a0000000,0x00000006aa988e28,0x00000006aba80000)
 Metaspace       used 130336K, capacity 134142K, committed 134360K, reserved 1167360K
  class space    used 16188K, capacity 17028K, committed 17152K, reserved 1048576K
}
Event: 952.302 GC heap before
{Heap before GC invocations=33 (full 7):
 PSYoungGen      total 1493504K, used 8888K [0x0000000760000000, 0x00000007bd800000, 0x00000007c0000000)
  eden space 1459200K, 0% used [0x0000000760000000,0x0000000760000000,0x00000007b9100000)
  from space 34304K, 25% used [0x00000007bb680000,0x00000007bbf2e168,0x00000007bd800000)
  to   space 36352K, 0% used [0x00000007b9100000,0x00000007b9100000,0x00000007bb480000)
 ParOldGen       total 190976K, used 173603K [0x00000006a0000000, 0x00000006aba80000, 0x0000000760000000)
  object space 190976K, 90% used [0x00000006a0000000,0x00000006aa988e28,0x00000006aba80000)
 Metaspace       used 130336K, capacity 134142K, committed 134360K, reserved 1167360K
  class space    used 16188K, capacity 17028K, committed 17152K, reserved 1048576K

