# JRE version: OpenJDK Runtime Environment (8.0_202-b03) (build 1.8.0_202-release-1483-b03)
# Java VM: OpenJDK 64-Bit Server VM (25.202-b03 mixed mode windows-amd64 compressed oops)
Heap:
 PSYoungGen      total 283136K, used 187529K [0x0000000760000000, 0x0000000773700000, 0x00000007c0000000)
  eden space 266752K, 64% used [0x0000000760000000,0x000000076a7999f0,0x0000000770480000)
  from space 16384K, 97% used [0x0000000772700000,0x0000000773688de0,0x0000000773700000)
  to   space 20992K, 0% used [0x0000000770e00000,0x0000000770e00000,0x0000000772280000)
 ParOldGen       total 61952K, used 30818K [0x00000006a0000000, 0x00000006a3c80000, 0x0000000760000000)
  object space 61952K, 49% used [0x00000006a0000000,0x00000006a1e18a50,0x00000006a3c80000)
 Metaspace       used 69438K, capacity 72072K, committed 72152K, reserved 1112064K
  class space    used 9129K, capacity 9671K, committed 9728K, reserved 1048576K
GC Heap History (10 events):
Event: 19.512 GC heap before
{Heap before GC invocations=13 (full 2):
 PSYoungGen      total 155648K, used 144896K [0x0000000760000000, 0x000000076a700000, 0x00000007c0000000)
  eden space 144896K, 100% used [0x0000000760000000,0x0000000768d80000,0x0000000768d80000)
  from space 10752K, 0% used [0x0000000769a00000,0x0000000769a00000,0x000000076a480000)
  to   space 12800K, 0% used [0x0000000768d80000,0x0000000768d80000,0x0000000769a00000)
 ParOldGen       total 40448K, used 19004K [0x00000006a0000000, 0x00000006a2780000, 0x0000000760000000)
  object space 40448K, 46% used [0x00000006a0000000,0x00000006a128f080,0x00000006a2780000)
 Metaspace       used 48350K, capacity 49470K, committed 49624K, reserved 1091584K
  class space    used 6529K, capacity 6854K, committed 6912K, reserved 1048576K
Event: 19.546 GC heap after
Heap after GC invocations=13 (full 2):
 PSYoungGen      total 157696K, used 12786K [0x0000000760000000, 0x000000076e980000, 0x00000007c0000000)
  eden space 144896K, 0% used [0x0000000760000000,0x0000000760000000,0x0000000768d80000)
  from space 12800K, 99% used [0x0000000768d80000,0x00000007699fc940,0x0000000769a00000)
  to   space 16896K, 0% used [0x000000076d900000,0x000000076d900000,0x000000076e980000)
 ParOldGen       total 40448K, used 24505K [0x00000006a0000000, 0x00000006a2780000, 0x0000000760000000)
  object space 40448K, 60% used [0x00000006a0000000,0x00000006a17ee608,0x00000006a2780000)
 Metaspace       used 48350K, capacity 49470K, committed 49624K, reserved 1091584K
  class space    used 6529K, capacity 6854K, committed 6912K, reserved 1048576K
}
Event: 23.835 GC heap before
{Heap before GC invocations=14 (full 2):
 PSYoungGen      total 157696K, used 157682K [0x0000000760000000, 0x000000076e980000, 0x00000007c0000000)
  eden space 144896K, 100% used [0x0000000760000000,0x0000000768d80000,0x0000000768d80000)
  from space 12800K, 99% used [0x0000000768d80000,0x00000007699fc940,0x0000000769a00000)
  to   space 16896K, 0% used [0x000000076d900000,0x000000076d900000,0x000000076e980000)
 ParOldGen       total 40448K, used 24505K [0x00000006a0000000, 0x00000006a2780000, 0x0000000760000000)
  object space 40448K, 60% used [0x00000006a0000000,0x00000006a17ee608,0x00000006a2780000)
 Metaspace       used 57305K, capacity 58982K, committed 59028K, reserved 1099776K
  class space    used 7762K, capacity 8170K, committed 8192K, reserved 1048576K
Event: 23.888 GC heap after
Heap after GC invocations=14 (full 2):
 PSYoungGen      total 218112K, used 13988K [0x0000000760000000, 0x000000076e900000, 0x00000007c0000000)
  eden space 201728K, 0% used [0x0000000760000000,0x0000000760000000,0x000000076c500000)
  from space 16384K, 85% used [0x000000076d900000,0x000000076e6a9188,0x000000076e900000)
  to   space 18432K, 0% used [0x000000076c500000,0x000000076c500000,0x000000076d700000)
 ParOldGen       total 40448K, used 33183K [0x00000006a0000000, 0x00000006a2780000, 0x0000000760000000)
  object space 40448K, 82% used [0x00000006a0000000,0x00000006a2067e90,0x00000006a2780000)
 Metaspace       used 57305K, capacity 58982K, committed 59028K, reserved 1099776K
  class space    used 7762K, capacity 8170K, committed 8192K, reserved 1048576K
}
Event: 24.182 GC heap before
{Heap before GC invocations=15 (full 2):
 PSYoungGen      total 218112K, used 26416K [0x0000000760000000, 0x000000076e900000, 0x00000007c0000000)
  eden space 201728K, 6% used [0x0000000760000000,0x0000000760c22ee0,0x000000076c500000)
  from space 16384K, 85% used [0x000000076d900000,0x000000076e6a9188,0x000000076e900000)
  to   space 18432K, 0% used [0x000000076c500000,0x000000076c500000,0x000000076d700000)
 ParOldGen       total 40448K, used 33183K [0x00000006a0000000, 0x00000006a2780000, 0x0000000760000000)
  object space 40448K, 82% used [0x00000006a0000000,0x00000006a2067e90,0x00000006a2780000)
 Metaspace       used 57324K, capacity 58982K, committed 59028K, reserved 1099776K
  class space    used 7764K, capacity 8170K, committed 8192K, reserved 1048576K
Event: 24.195 GC heap after
Heap after GC invocations=15 (full 2):
 PSYoungGen      total 220160K, used 608K [0x0000000760000000, 0x0000000773900000, 0x00000007c0000000)
  eden space 201728K, 0% used [0x0000000760000000,0x0000000760000000,0x000000076c500000)
  from space 18432K, 3% used [0x000000076c500000,0x000000076c598000,0x000000076d700000)
  to   space 18432K, 0% used [0x0000000772700000,0x0000000772700000,0x0000000773900000)
 ParOldGen       total 40448K, used 40366K [0x00000006a0000000, 0x00000006a2780000, 0x0000000760000000)
  object space 40448K, 99% used [0x00000006a0000000,0x00000006a276bb68,0x00000006a2780000)
 Metaspace       used 57324K, capacity 58982K, committed 59028K, reserved 1099776K
  class space    used 7764K, capacity 8170K, committed 8192K, reserved 1048576K
}
Event: 24.195 GC heap before
{Heap before GC invocations=16 (full 3):
 PSYoungGen      total 220160K, used 608K [0x0000000760000000, 0x0000000773900000, 0x00000007c0000000)
  eden space 201728K, 0% used [0x0000000760000000,0x0000000760000000,0x000000076c500000)
  from space 18432K, 3% used [0x000000076c500000,0x000000076c598000,0x000000076d700000)
  to   space 18432K, 0% used [0x0000000772700000,0x0000000772700000,0x0000000773900000)
 ParOldGen       total 40448K, used 40366K [0x00000006a0000000, 0x00000006a2780000, 0x0000000760000000)
  object space 40448K, 99% used [0x00000006a0000000,0x00000006a276bb68,0x00000006a2780000)
 Metaspace       used 57324K, capacity 58982K, committed 59028K, reserved 1099776K
  class space    used 7764K, capacity 8170K, committed 8192K, reserved 1048576K
Event: 24.512 GC heap after
Heap after GC invocations=16 (full 3):
 PSYoungGen      total 220160K, used 0K [0x0000000760000000, 0x0000000773900000, 0x00000007c0000000)
  eden space 201728K, 0% used [0x0000000760000000,0x0000000760000000,0x000000076c500000)
  from space 18432K, 0% used [0x000000076c500000,0x000000076c500000,0x000000076d700000)
  to   space 18432K, 0% used [0x0000000772700000,0x0000000772700000,0x0000000773900000)
 ParOldGen       total 61952K, used 30810K [0x00000006a0000000, 0x00000006a3c80000, 0x0000000760000000)
  object space 61952K, 49% used [0x00000006a0000000,0x00000006a1e16a50,0x00000006a3c80000)
 Metaspace       used 57244K, capacity 58750K, committed 59028K, reserved 1099776K
  class space    used 7739K, capacity 8126K, committed 8192K, reserved 1048576K
}
Event: 2875.572 GC heap before
{Heap before GC invocations=17 (full 3):
 PSYoungGen      total 220160K, used 201728K [0x0000000760000000, 0x0000000773900000, 0x00000007c0000000)
  eden space 201728K, 100% used [0x0000000760000000,0x000000076c500000,0x000000076c500000)
  from space 18432K, 0% used [0x000000076c500000,0x000000076c500000,0x000000076d700000)
  to   space 18432K, 0% used [0x0000000772700000,0x0000000772700000,0x0000000773900000)
 ParOldGen       total 61952K, used 30810K [0x00000006a0000000, 0x00000006a3c80000, 0x0000000760000000)
  object space 61952K, 49% used [0x00000006a0000000,0x00000006a1e16a50,0x00000006a3c80000)
 Metaspace       used 66450K, capacity 68650K, committed 68696K, reserved 1107968K
  class space    used 8813K, capacity 9304K, committed 9344K, reserved 1048576K
Event: 2875.978 GC heap after
Heap after GC invocations=17 (full 3):
 PSYoungGen      total 283136K, used 15907K [0x0000000760000000, 0x0000000773700000, 0x00000007c0000000)
  eden space 266752K, 0% used [0x0000000760000000,0x0000000760000000,0x0000000770480000)
  from space 16384K, 97% used [0x0000000772700000,0x0000000773688de0,0x0000000773700000)
  to   space 20992K, 0% used [0x0000000770e00000,0x0000000770e00000,0x0000000772280000)
 ParOldGen       total 61952K, used 30818K [0x00000006a0000000, 0x00000006a3c80000, 0x0000000760000000)
  object space 61952K, 49% used [0x00000006a0000000,0x00000006a1e18a50,0x00000006a3c80000)
 Metaspace       used 66450K, capacity 68650K, committed 68696K, reserved 1107968K
  class space    used 8813K, capacity 9304K, committed 9344K, reserved 1048576K
}

