# JRE version: OpenJDK Runtime Environment (8.0_202-b03) (build 1.8.0_202-release-1483-b03)
# Java VM: OpenJDK 64-Bit Server VM (25.202-b03 mixed mode windows-amd64 compressed oops)
Heap:
 PSYoungGen      total 1003008K, used 959210K [0x0000000760000000, 0x00000007a6f00000, 0x00000007c0000000)
  eden space 935936K, 100% used [0x0000000760000000,0x0000000799200000,0x0000000799200000)
  from space 67072K, 34% used [0x0000000799200000,0x000000079a8baa60,0x000000079d380000)
  to   space 64512K, 11% used [0x00000007a3000000,0x00000007a36f4050,0x00000007a6f00000)
 ParOldGen       total 252928K, used 187787K [0x00000006a0000000, 0x00000006af700000, 0x0000000760000000)
  object space 252928K, 74% used [0x00000006a0000000,0x00000006ab762d30,0x00000006af700000)
 Metaspace       used 91827K, capacity 96634K, committed 96856K, reserved 1134592K
  class space    used 11776K, capacity 12635K, committed 12672K, reserved 1048576K
GC Heap History (10 events):
Event: 88.080 GC heap after
Heap after GC invocations=46 (full 4):
 PSYoungGen      total 875008K, used 38893K [0x0000000760000000, 0x000000079ea80000, 0x00000007c0000000)
  eden space 836096K, 0% used [0x0000000760000000,0x0000000760000000,0x0000000793080000)
  from space 38912K, 99% used [0x0000000797880000,0x0000000799e7b588,0x0000000799e80000)
  to   space 73728K, 0% used [0x0000000793080000,0x0000000793080000,0x0000000797880000)
 ParOldGen       total 177152K, used 177013K [0x00000006a0000000, 0x00000006aad00000, 0x0000000760000000)
  object space 177152K, 99% used [0x00000006a0000000,0x00000006aacdd650,0x00000006aad00000)
 Metaspace       used 71348K, capacity 74150K, committed 74328K, reserved 1114112K
  class space    used 9512K, capacity 10077K, committed 10112K, reserved 1048576K
}
Event: 88.322 GC heap before
{Heap before GC invocations=47 (full 5):
 PSYoungGen      total 875008K, used 38893K [0x0000000760000000, 0x000000079ea80000, 0x00000007c0000000)
  eden space 836096K, 0% used [0x0000000760000000,0x0000000760000000,0x0000000793080000)
  from space 38912K, 99% used [0x0000000797880000,0x0000000799e7b588,0x0000000799e80000)
  to   space 73728K, 0% used [0x0000000793080000,0x0000000793080000,0x0000000797880000)
 ParOldGen       total 177152K, used 177013K [0x00000006a0000000, 0x00000006aad00000, 0x0000000760000000)
  object space 177152K, 99% used [0x00000006a0000000,0x00000006aacdd650,0x00000006aad00000)
 Metaspace       used 71348K, capacity 74150K, committed 74328K, reserved 1114112K
  class space    used 9512K, capacity 10077K, committed 10112K, reserved 1048576K
Event: 93.125 GC heap after
Heap after GC invocations=47 (full 5):
 PSYoungGen      total 875008K, used 0K [0x0000000760000000, 0x000000079ea80000, 0x00000007c0000000)
  eden space 836096K, 0% used [0x0000000760000000,0x0000000760000000,0x0000000793080000)
  from space 38912K, 0% used [0x0000000797880000,0x0000000797880000,0x0000000799e80000)
  to   space 73728K, 0% used [0x0000000793080000,0x0000000793080000,0x0000000797880000)
 ParOldGen       total 252928K, used 164842K [0x00000006a0000000, 0x00000006af700000, 0x0000000760000000)
  object space 252928K, 65% used [0x00000006a0000000,0x00000006aa0fab30,0x00000006af700000)
 Metaspace       used 71342K, capacity 74138K, committed 74328K, reserved 1114112K
  class space    used 9510K, capacity 10073K, committed 10112K, reserved 1048576K
}
Event: 214.935 GC heap before
{Heap before GC invocations=48 (full 5):
 PSYoungGen      total 875008K, used 836096K [0x0000000760000000, 0x000000079ea80000, 0x00000007c0000000)
  eden space 836096K, 100% used [0x0000000760000000,0x0000000793080000,0x0000000793080000)
  from space 38912K, 0% used [0x0000000797880000,0x0000000797880000,0x0000000799e80000)
  to   space 73728K, 0% used [0x0000000793080000,0x0000000793080000,0x0000000797880000)
 ParOldGen       total 252928K, used 164842K [0x00000006a0000000, 0x00000006af700000, 0x0000000760000000)
  object space 252928K, 65% used [0x00000006a0000000,0x00000006aa0fab30,0x00000006af700000)
 Metaspace       used 84870K, capacity 88254K, committed 88536K, reserved 1126400K
  class space    used 10968K, capacity 11665K, committed 11776K, reserved 1048576K
Event: 215.598 GC heap after
Heap after GC invocations=48 (full 5):
 PSYoungGen      total 909824K, used 32572K [0x0000000760000000, 0x00000007a1e80000, 0x00000007c0000000)
  eden space 836096K, 0% used [0x0000000760000000,0x0000000760000000,0x0000000793080000)
  from space 73728K, 44% used [0x0000000793080000,0x000000079504f078,0x0000000797880000)
  to   space 70144K, 0% used [0x000000079da00000,0x000000079da00000,0x00000007a1e80000)
 ParOldGen       total 252928K, used 164850K [0x00000006a0000000, 0x00000006af700000, 0x0000000760000000)
  object space 252928K, 65% used [0x00000006a0000000,0x00000006aa0fcb30,0x00000006af700000)
 Metaspace       used 84870K, capacity 88254K, committed 88536K, reserved 1126400K
  class space    used 10968K, capacity 11665K, committed 11776K, reserved 1048576K
}
Event: 226.742 GC heap before
{Heap before GC invocations=49 (full 5):
 PSYoungGen      total 909824K, used 866957K [0x0000000760000000, 0x00000007a1e80000, 0x00000007c0000000)
  eden space 836096K, 99% used [0x0000000760000000,0x0000000792ed4390,0x0000000793080000)
  from space 73728K, 44% used [0x0000000793080000,0x000000079504f078,0x0000000797880000)
  to   space 70144K, 0% used [0x000000079da00000,0x000000079da00000,0x00000007a1e80000)
 ParOldGen       total 252928K, used 164850K [0x00000006a0000000, 0x00000006af700000, 0x0000000760000000)
  object space 252928K, 65% used [0x00000006a0000000,0x00000006aa0fcb30,0x00000006af700000)
 Metaspace       used 85830K, capacity 89222K, committed 89304K, reserved 1126400K
  class space    used 11087K, capacity 11767K, committed 11776K, reserved 1048576K
Event: 227.369 GC heap after
Heap after GC invocations=49 (full 5):
 PSYoungGen      total 996352K, used 24146K [0x0000000760000000, 0x00000007a1500000, 0x00000007c0000000)
  eden space 935936K, 0% used [0x0000000760000000,0x0000000760000000,0x0000000799200000)
  from space 60416K, 39% used [0x000000079da00000,0x000000079f194940,0x00000007a1500000)
  to   space 67072K, 0% used [0x0000000799200000,0x0000000799200000,0x000000079d380000)
 ParOldGen       total 252928K, used 186739K [0x00000006a0000000, 0x00000006af700000, 0x0000000760000000)
  object space 252928K, 73% used [0x00000006a0000000,0x00000006ab65cd10,0x00000006af700000)
 Metaspace       used 85830K, capacity 89222K, committed 89304K, reserved 1126400K
  class space    used 11087K, capacity 11767K, committed 11776K, reserved 1048576K
}
Event: 929.656 GC heap before
{Heap before GC invocations=50 (full 5):
 PSYoungGen      total 996352K, used 960082K [0x0000000760000000, 0x00000007a1500000, 0x00000007c0000000)
  eden space 935936K, 100% used [0x0000000760000000,0x0000000799200000,0x0000000799200000)
  from space 60416K, 39% used [0x000000079da00000,0x000000079f194940,0x00000007a1500000)
  to   space 67072K, 0% used [0x0000000799200000,0x0000000799200000,0x000000079d380000)
 ParOldGen       total 252928K, used 186739K [0x00000006a0000000, 0x00000006af700000, 0x0000000760000000)
  object space 252928K, 73% used [0x00000006a0000000,0x00000006ab65cd10,0x00000006af700000)
 Metaspace       used 90304K, capacity 94326K, committed 94552K, reserved 1132544K
  class space    used 11605K, capacity 12357K, committed 12416K, reserved 1048576K
Event: 931.616 GC heap after
Heap after GC invocations=50 (full 5):
 PSYoungGen      total 1003008K, used 23274K [0x0000000760000000, 0x00000007a6f00000, 0x00000007c0000000)
  eden space 935936K, 0% used [0x0000000760000000,0x0000000760000000,0x0000000799200000)
  from space 67072K, 34% used [0x0000000799200000,0x000000079a8baa60,0x000000079d380000)
  to   space 64512K, 0% used [0x00000007a3000000,0x00000007a3000000,0x00000007a6f00000)
 ParOldGen       total 252928K, used 187779K [0x00000006a0000000, 0x00000006af700000, 0x0000000760000000)
  object space 252928K, 74% used [0x00000006a0000000,0x00000006ab760d30,0x00000006af700000)
 Metaspace       used 90304K, capacity 94326K, committed 94552K, reserved 1132544K
  class space    used 11605K, capacity 12357K, committed 12416K, reserved 1048576K
}
Event: 2082.075 GC heap before
{Heap before GC invocations=51 (full 5):
 PSYoungGen      total 1003008K, used 959210K [0x0000000760000000, 0x00000007a6f00000, 0x00000007c0000000)
  eden space 935936K, 100% used [0x0000000760000000,0x0000000799200000,0x0000000799200000)
  from space 67072K, 34% used [0x0000000799200000,0x000000079a8baa60,0x000000079d380000)
  to   space 64512K, 0% used [0x00000007a3000000,0x00000007a3000000,0x00000007a6f00000)
 ParOldGen       total 252928K, used 187779K [0x00000006a0000000, 0x00000006af700000, 0x0000000760000000)
  object space 252928K, 74% used [0x00000006a0000000,0x00000006ab760d30,0x00000006af700000)
 Metaspace       used 91827K, capacity 96634K, committed 96856K, reserved 1134592K
  class space    used 11776K, capacity 12635K, committed 12672K, reserved 1048576K

